2017-04-25 02:42:59,524 - requests_oauthlib.oauth1_auth - DEBUG - Signing request <PreparedRequest [POST]> using client <Client nonce=None, signature_method=HMAC-SHA1, realm=None, encoding=utf-8, timestamp=None, resource_owner_secret=****, decoding=None, verifier=None, signature_type=AUTH_HEADER, rsa_key=None, resource_owner_key=317703918-rcnIku1LkoAXkzvRZs3RpXteS8Hl3oyYiLwQj1M8, client_secret=****, callback_uri=None, client_key=5CsfqvfOiTNrRdW1Lb2EhQZj3>
2017-04-25 02:42:59,524 - requests_oauthlib.oauth1_auth - DEBUG - Including body in call to sign: True
2017-04-25 02:42:59,525 - oauthlib.oauth1.rfc5849 - DEBUG - Collected params: [(u'delimited', u'length'), (u'oauth_nonce', u'48415149166611192801493088179'), (u'oauth_timestamp', u'1493088179'), (u'oauth_consumer_key', u'5CsfqvfOiTNrRdW1Lb2EhQZj3'), (u'oauth_signature_method', u'HMAC-SHA1'), (u'oauth_version', u'1.0'), (u'oauth_token', u'317703918-rcnIku1LkoAXkzvRZs3RpXteS8Hl3oyYiLwQj1M8'), (u'track', u'a,the,i,you,u'), (u'language', u'en')]
2017-04-25 02:42:59,525 - oauthlib.oauth1.rfc5849 - DEBUG - Normalized params: delimited=length&language=en&oauth_consumer_key=5CsfqvfOiTNrRdW1Lb2EhQZj3&oauth_nonce=48415149166611192801493088179&oauth_signature_method=HMAC-SHA1&oauth_timestamp=1493088179&oauth_token=317703918-rcnIku1LkoAXkzvRZs3RpXteS8Hl3oyYiLwQj1M8&oauth_version=1.0&track=a%2Cthe%2Ci%2Cyou%2Cu
2017-04-25 02:42:59,525 - oauthlib.oauth1.rfc5849 - DEBUG - Normalized URI: https://stream.twitter.com/1.1/statuses/filter.json
2017-04-25 02:42:59,526 - oauthlib.oauth1.rfc5849 - DEBUG - Base signing string: POST&https%3A%2F%2Fstream.twitter.com%2F1.1%2Fstatuses%2Ffilter.json&delimited%3Dlength%26language%3Den%26oauth_consumer_key%3D5CsfqvfOiTNrRdW1Lb2EhQZj3%26oauth_nonce%3D48415149166611192801493088179%26oauth_signature_method%3DHMAC-SHA1%26oauth_timestamp%3D1493088179%26oauth_token%3D317703918-rcnIku1LkoAXkzvRZs3RpXteS8Hl3oyYiLwQj1M8%26oauth_version%3D1.0%26track%3Da%252Cthe%252Ci%252Cyou%252Cu
2017-04-25 02:42:59,526 - oauthlib.oauth1.rfc5849 - DEBUG - Signature: cdbXN+LO2BHyl4Jk0lMJ9d/nMr4=
2017-04-25 02:42:59,526 - requests_oauthlib.oauth1_auth - DEBUG - Updated url: https://stream.twitter.com/1.1/statuses/filter.json?delimited=length
2017-04-25 02:42:59,526 - requests_oauthlib.oauth1_auth - DEBUG - Updated headers: {u'Content-Length': u'39', u'Content-Type': u'application/x-www-form-urlencoded', u'Authorization': u'OAuth oauth_nonce="48415149166611192801493088179", oauth_timestamp="1493088179", oauth_version="1.0", oauth_signature_method="HMAC-SHA1", oauth_consumer_key="5CsfqvfOiTNrRdW1Lb2EhQZj3", oauth_token="317703918-rcnIku1LkoAXkzvRZs3RpXteS8Hl3oyYiLwQj1M8", oauth_signature="cdbXN%2BLO2BHyl4Jk0lMJ9d%2FnMr4%3D"'}
2017-04-25 02:42:59,526 - requests_oauthlib.oauth1_auth - DEBUG - Updated body: u'track=a%2Cthe%2Ci%2Cyou%2Cu&language=en'
2017-04-25 02:42:59,527 - requests.packages.urllib3.connectionpool - INFO - Starting new HTTPS connection (1): stream.twitter.com
2017-04-25 02:42:59,842 - requests.packages.urllib3.connectionpool - DEBUG - "POST /1.1/statuses/filter.json?delimited=length HTTP/1.1" 420 36
2017-04-25 02:43:00,297 - streamparse.storm.component - ERROR - Received EOF while trying to read stdin from Storm, pipe appears to be broken, exiting.
2017-04-25 02:43:59,896 - requests_oauthlib.oauth1_auth - DEBUG - Signing request <PreparedRequest [POST]> using client <Client nonce=None, signature_method=HMAC-SHA1, realm=None, encoding=utf-8, timestamp=None, resource_owner_secret=****, decoding=None, verifier=None, signature_type=AUTH_HEADER, rsa_key=None, resource_owner_key=317703918-rcnIku1LkoAXkzvRZs3RpXteS8Hl3oyYiLwQj1M8, client_secret=****, callback_uri=None, client_key=5CsfqvfOiTNrRdW1Lb2EhQZj3>
2017-04-25 02:43:59,896 - requests_oauthlib.oauth1_auth - DEBUG - Including body in call to sign: True
2017-04-25 02:43:59,897 - oauthlib.oauth1.rfc5849 - DEBUG - Collected params: [(u'delimited', u'length'), (u'oauth_nonce', u'38015432274870067301493088239'), (u'oauth_timestamp', u'1493088239'), (u'oauth_consumer_key', u'5CsfqvfOiTNrRdW1Lb2EhQZj3'), (u'oauth_signature_method', u'HMAC-SHA1'), (u'oauth_version', u'1.0'), (u'oauth_token', u'317703918-rcnIku1LkoAXkzvRZs3RpXteS8Hl3oyYiLwQj1M8'), (u'track', u'a,the,i,you,u'), (u'language', u'en')]
2017-04-25 02:43:59,897 - oauthlib.oauth1.rfc5849 - DEBUG - Normalized params: delimited=length&language=en&oauth_consumer_key=5CsfqvfOiTNrRdW1Lb2EhQZj3&oauth_nonce=38015432274870067301493088239&oauth_signature_method=HMAC-SHA1&oauth_timestamp=1493088239&oauth_token=317703918-rcnIku1LkoAXkzvRZs3RpXteS8Hl3oyYiLwQj1M8&oauth_version=1.0&track=a%2Cthe%2Ci%2Cyou%2Cu
2017-04-25 02:43:59,897 - oauthlib.oauth1.rfc5849 - DEBUG - Normalized URI: https://stream.twitter.com/1.1/statuses/filter.json
2017-04-25 02:43:59,898 - oauthlib.oauth1.rfc5849 - DEBUG - Base signing string: POST&https%3A%2F%2Fstream.twitter.com%2F1.1%2Fstatuses%2Ffilter.json&delimited%3Dlength%26language%3Den%26oauth_consumer_key%3D5CsfqvfOiTNrRdW1Lb2EhQZj3%26oauth_nonce%3D38015432274870067301493088239%26oauth_signature_method%3DHMAC-SHA1%26oauth_timestamp%3D1493088239%26oauth_token%3D317703918-rcnIku1LkoAXkzvRZs3RpXteS8Hl3oyYiLwQj1M8%26oauth_version%3D1.0%26track%3Da%252Cthe%252Ci%252Cyou%252Cu
2017-04-25 02:43:59,898 - oauthlib.oauth1.rfc5849 - DEBUG - Signature: bejE++gGLyFPjJbHE9JGoLofeV0=
2017-04-25 02:43:59,898 - requests_oauthlib.oauth1_auth - DEBUG - Updated url: https://stream.twitter.com/1.1/statuses/filter.json?delimited=length
2017-04-25 02:43:59,898 - requests_oauthlib.oauth1_auth - DEBUG - Updated headers: {u'Content-Length': u'39', u'Content-Type': u'application/x-www-form-urlencoded', u'Authorization': u'OAuth oauth_nonce="38015432274870067301493088239", oauth_timestamp="1493088239", oauth_version="1.0", oauth_signature_method="HMAC-SHA1", oauth_consumer_key="5CsfqvfOiTNrRdW1Lb2EhQZj3", oauth_token="317703918-rcnIku1LkoAXkzvRZs3RpXteS8Hl3oyYiLwQj1M8", oauth_signature="bejE%2B%2BgGLyFPjJbHE9JGoLofeV0%3D"'}
2017-04-25 02:43:59,898 - requests_oauthlib.oauth1_auth - DEBUG - Updated body: u'track=a%2Cthe%2Ci%2Cyou%2Cu&language=en'
2017-04-25 02:43:59,899 - requests.packages.urllib3.connectionpool - INFO - Starting new HTTPS connection (2): stream.twitter.com
2017-04-25 02:44:00,013 - requests.packages.urllib3.connectionpool - DEBUG - "POST /1.1/statuses/filter.json?delimited=length HTTP/1.1" 200 None
