2017-04-25 03:46:32,945 - requests_oauthlib.oauth1_auth - DEBUG - Signing request <PreparedRequest [POST]> using client <Client nonce=None, signature_method=HMAC-SHA1, realm=None, encoding=utf-8, timestamp=None, resource_owner_secret=****, decoding=None, verifier=None, signature_type=AUTH_HEADER, rsa_key=None, resource_owner_key=317703918-rcnIku1LkoAXkzvRZs3RpXteS8Hl3oyYiLwQj1M8, client_secret=****, callback_uri=None, client_key=5CsfqvfOiTNrRdW1Lb2EhQZj3>
2017-04-25 03:46:32,945 - requests_oauthlib.oauth1_auth - DEBUG - Including body in call to sign: True
2017-04-25 03:46:32,947 - oauthlib.oauth1.rfc5849 - DEBUG - Collected params: [(u'delimited', u'length'), (u'oauth_nonce', u'41031143672703060281493091992'), (u'oauth_timestamp', u'1493091992'), (u'oauth_consumer_key', u'5CsfqvfOiTNrRdW1Lb2EhQZj3'), (u'oauth_signature_method', u'HMAC-SHA1'), (u'oauth_version', u'1.0'), (u'oauth_token', u'317703918-rcnIku1LkoAXkzvRZs3RpXteS8Hl3oyYiLwQj1M8'), (u'track', u'out,injured,expected to play,questionable')]
2017-04-25 03:46:32,947 - oauthlib.oauth1.rfc5849 - DEBUG - Normalized params: delimited=length&oauth_consumer_key=5CsfqvfOiTNrRdW1Lb2EhQZj3&oauth_nonce=41031143672703060281493091992&oauth_signature_method=HMAC-SHA1&oauth_timestamp=1493091992&oauth_token=317703918-rcnIku1LkoAXkzvRZs3RpXteS8Hl3oyYiLwQj1M8&oauth_version=1.0&track=out%2Cinjured%2Cexpected%20to%20play%2Cquestionable
2017-04-25 03:46:32,947 - oauthlib.oauth1.rfc5849 - DEBUG - Normalized URI: https://stream.twitter.com/1.1/statuses/filter.json
2017-04-25 03:46:32,948 - oauthlib.oauth1.rfc5849 - DEBUG - Base signing string: POST&https%3A%2F%2Fstream.twitter.com%2F1.1%2Fstatuses%2Ffilter.json&delimited%3Dlength%26oauth_consumer_key%3D5CsfqvfOiTNrRdW1Lb2EhQZj3%26oauth_nonce%3D41031143672703060281493091992%26oauth_signature_method%3DHMAC-SHA1%26oauth_timestamp%3D1493091992%26oauth_token%3D317703918-rcnIku1LkoAXkzvRZs3RpXteS8Hl3oyYiLwQj1M8%26oauth_version%3D1.0%26track%3Dout%252Cinjured%252Cexpected%2520to%2520play%252Cquestionable
2017-04-25 03:46:32,948 - oauthlib.oauth1.rfc5849 - DEBUG - Signature: b3zwaNUy/IuJWJi5WDieQeSWHjg=
2017-04-25 03:46:32,948 - requests_oauthlib.oauth1_auth - DEBUG - Updated url: https://stream.twitter.com/1.1/statuses/filter.json?delimited=length
2017-04-25 03:46:32,949 - requests_oauthlib.oauth1_auth - DEBUG - Updated headers: {u'Content-Length': u'53', u'Content-Type': u'application/x-www-form-urlencoded', u'Authorization': u'OAuth oauth_nonce="41031143672703060281493091992", oauth_timestamp="1493091992", oauth_version="1.0", oauth_signature_method="HMAC-SHA1", oauth_consumer_key="5CsfqvfOiTNrRdW1Lb2EhQZj3", oauth_token="317703918-rcnIku1LkoAXkzvRZs3RpXteS8Hl3oyYiLwQj1M8", oauth_signature="b3zwaNUy%2FIuJWJi5WDieQeSWHjg%3D"'}
2017-04-25 03:46:32,949 - requests_oauthlib.oauth1_auth - DEBUG - Updated body: u'track=out%2Cinjured%2Cexpected+to+play%2Cquestionable'
2017-04-25 03:46:32,952 - requests.packages.urllib3.connectionpool - INFO - Starting new HTTPS connection (1): stream.twitter.com
2017-04-25 03:46:33,097 - requests.packages.urllib3.connectionpool - DEBUG - "POST /1.1/statuses/filter.json?delimited=length HTTP/1.1" 420 36
2017-04-25 03:47:33,159 - requests_oauthlib.oauth1_auth - DEBUG - Signing request <PreparedRequest [POST]> using client <Client nonce=None, signature_method=HMAC-SHA1, realm=None, encoding=utf-8, timestamp=None, resource_owner_secret=****, decoding=None, verifier=None, signature_type=AUTH_HEADER, rsa_key=None, resource_owner_key=317703918-rcnIku1LkoAXkzvRZs3RpXteS8Hl3oyYiLwQj1M8, client_secret=****, callback_uri=None, client_key=5CsfqvfOiTNrRdW1Lb2EhQZj3>
2017-04-25 03:47:33,159 - requests_oauthlib.oauth1_auth - DEBUG - Including body in call to sign: True
2017-04-25 03:47:33,160 - oauthlib.oauth1.rfc5849 - DEBUG - Collected params: [(u'delimited', u'length'), (u'oauth_nonce', u'104323389243508901051493092053'), (u'oauth_timestamp', u'1493092053'), (u'oauth_consumer_key', u'5CsfqvfOiTNrRdW1Lb2EhQZj3'), (u'oauth_signature_method', u'HMAC-SHA1'), (u'oauth_version', u'1.0'), (u'oauth_token', u'317703918-rcnIku1LkoAXkzvRZs3RpXteS8Hl3oyYiLwQj1M8'), (u'track', u'out,injured,expected to play,questionable')]
2017-04-25 03:47:33,160 - oauthlib.oauth1.rfc5849 - DEBUG - Normalized params: delimited=length&oauth_consumer_key=5CsfqvfOiTNrRdW1Lb2EhQZj3&oauth_nonce=104323389243508901051493092053&oauth_signature_method=HMAC-SHA1&oauth_timestamp=1493092053&oauth_token=317703918-rcnIku1LkoAXkzvRZs3RpXteS8Hl3oyYiLwQj1M8&oauth_version=1.0&track=out%2Cinjured%2Cexpected%20to%20play%2Cquestionable
2017-04-25 03:47:33,160 - oauthlib.oauth1.rfc5849 - DEBUG - Normalized URI: https://stream.twitter.com/1.1/statuses/filter.json
2017-04-25 03:47:33,160 - oauthlib.oauth1.rfc5849 - DEBUG - Base signing string: POST&https%3A%2F%2Fstream.twitter.com%2F1.1%2Fstatuses%2Ffilter.json&delimited%3Dlength%26oauth_consumer_key%3D5CsfqvfOiTNrRdW1Lb2EhQZj3%26oauth_nonce%3D104323389243508901051493092053%26oauth_signature_method%3DHMAC-SHA1%26oauth_timestamp%3D1493092053%26oauth_token%3D317703918-rcnIku1LkoAXkzvRZs3RpXteS8Hl3oyYiLwQj1M8%26oauth_version%3D1.0%26track%3Dout%252Cinjured%252Cexpected%2520to%2520play%252Cquestionable
2017-04-25 03:47:33,161 - oauthlib.oauth1.rfc5849 - DEBUG - Signature: 62+0ga6+EmTw4QVvYtpJbdlKceU=
2017-04-25 03:47:33,161 - requests_oauthlib.oauth1_auth - DEBUG - Updated url: https://stream.twitter.com/1.1/statuses/filter.json?delimited=length
2017-04-25 03:47:33,161 - requests_oauthlib.oauth1_auth - DEBUG - Updated headers: {u'Content-Length': u'53', u'Content-Type': u'application/x-www-form-urlencoded', u'Authorization': u'OAuth oauth_nonce="104323389243508901051493092053", oauth_timestamp="1493092053", oauth_version="1.0", oauth_signature_method="HMAC-SHA1", oauth_consumer_key="5CsfqvfOiTNrRdW1Lb2EhQZj3", oauth_token="317703918-rcnIku1LkoAXkzvRZs3RpXteS8Hl3oyYiLwQj1M8", oauth_signature="62%2B0ga6%2BEmTw4QVvYtpJbdlKceU%3D"'}
2017-04-25 03:47:33,161 - requests_oauthlib.oauth1_auth - DEBUG - Updated body: u'track=out%2Cinjured%2Cexpected+to+play%2Cquestionable'
2017-04-25 03:47:33,162 - requests.packages.urllib3.connectionpool - INFO - Starting new HTTPS connection (2): stream.twitter.com
2017-04-25 03:47:33,476 - requests.packages.urllib3.connectionpool - DEBUG - "POST /1.1/statuses/filter.json?delimited=length HTTP/1.1" 200 None
