2017-04-25 04:02:42,914 - requests_oauthlib.oauth1_auth - DEBUG - Signing request <PreparedRequest [POST]> using client <Client nonce=None, signature_method=HMAC-SHA1, realm=None, encoding=utf-8, timestamp=None, resource_owner_secret=****, decoding=None, verifier=None, signature_type=AUTH_HEADER, rsa_key=None, resource_owner_key=317703918-rcnIku1LkoAXkzvRZs3RpXteS8Hl3oyYiLwQj1M8, client_secret=****, callback_uri=None, client_key=5CsfqvfOiTNrRdW1Lb2EhQZj3>
2017-04-25 04:02:42,915 - requests_oauthlib.oauth1_auth - DEBUG - Including body in call to sign: True
2017-04-25 04:02:42,923 - oauthlib.oauth1.rfc5849 - DEBUG - Collected params: [(u'delimited', u'length'), (u'oauth_nonce', u'36337289118314603211493092962'), (u'oauth_timestamp', u'1493092962'), (u'oauth_consumer_key', u'5CsfqvfOiTNrRdW1Lb2EhQZj3'), (u'oauth_signature_method', u'HMAC-SHA1'), (u'oauth_version', u'1.0'), (u'oauth_token', u'317703918-rcnIku1LkoAXkzvRZs3RpXteS8Hl3oyYiLwQj1M8'), (u'track', u'out,injured,expected to play,questionable,Warriors')]
2017-04-25 04:02:42,923 - oauthlib.oauth1.rfc5849 - DEBUG - Normalized params: delimited=length&oauth_consumer_key=5CsfqvfOiTNrRdW1Lb2EhQZj3&oauth_nonce=36337289118314603211493092962&oauth_signature_method=HMAC-SHA1&oauth_timestamp=1493092962&oauth_token=317703918-rcnIku1LkoAXkzvRZs3RpXteS8Hl3oyYiLwQj1M8&oauth_version=1.0&track=out%2Cinjured%2Cexpected%20to%20play%2Cquestionable%2CWarriors
2017-04-25 04:02:42,923 - oauthlib.oauth1.rfc5849 - DEBUG - Normalized URI: https://stream.twitter.com/1.1/statuses/filter.json
2017-04-25 04:02:42,931 - oauthlib.oauth1.rfc5849 - DEBUG - Base signing string: POST&https%3A%2F%2Fstream.twitter.com%2F1.1%2Fstatuses%2Ffilter.json&delimited%3Dlength%26oauth_consumer_key%3D5CsfqvfOiTNrRdW1Lb2EhQZj3%26oauth_nonce%3D36337289118314603211493092962%26oauth_signature_method%3DHMAC-SHA1%26oauth_timestamp%3D1493092962%26oauth_token%3D317703918-rcnIku1LkoAXkzvRZs3RpXteS8Hl3oyYiLwQj1M8%26oauth_version%3D1.0%26track%3Dout%252Cinjured%252Cexpected%2520to%2520play%252Cquestionable%252CWarriors
2017-04-25 04:02:42,932 - oauthlib.oauth1.rfc5849 - DEBUG - Signature: P6R/5iUFLrbRZcCovRPiLFQYYgU=
2017-04-25 04:02:42,932 - requests_oauthlib.oauth1_auth - DEBUG - Updated url: https://stream.twitter.com/1.1/statuses/filter.json?delimited=length
2017-04-25 04:02:42,932 - requests_oauthlib.oauth1_auth - DEBUG - Updated headers: {u'Content-Length': u'64', u'Content-Type': u'application/x-www-form-urlencoded', u'Authorization': u'OAuth oauth_nonce="36337289118314603211493092962", oauth_timestamp="1493092962", oauth_version="1.0", oauth_signature_method="HMAC-SHA1", oauth_consumer_key="5CsfqvfOiTNrRdW1Lb2EhQZj3", oauth_token="317703918-rcnIku1LkoAXkzvRZs3RpXteS8Hl3oyYiLwQj1M8", oauth_signature="P6R%2F5iUFLrbRZcCovRPiLFQYYgU%3D"'}
2017-04-25 04:02:42,932 - requests_oauthlib.oauth1_auth - DEBUG - Updated body: u'track=out%2Cinjured%2Cexpected+to+play%2Cquestionable%2CWarriors'
2017-04-25 04:02:42,939 - requests.packages.urllib3.connectionpool - INFO - Starting new HTTPS connection (1): stream.twitter.com
2017-04-25 04:02:43,109 - requests.packages.urllib3.connectionpool - DEBUG - "POST /1.1/statuses/filter.json?delimited=length HTTP/1.1" 420 36
2017-04-25 04:03:43,171 - requests_oauthlib.oauth1_auth - DEBUG - Signing request <PreparedRequest [POST]> using client <Client nonce=None, signature_method=HMAC-SHA1, realm=None, encoding=utf-8, timestamp=None, resource_owner_secret=****, decoding=None, verifier=None, signature_type=AUTH_HEADER, rsa_key=None, resource_owner_key=317703918-rcnIku1LkoAXkzvRZs3RpXteS8Hl3oyYiLwQj1M8, client_secret=****, callback_uri=None, client_key=5CsfqvfOiTNrRdW1Lb2EhQZj3>
2017-04-25 04:03:43,171 - requests_oauthlib.oauth1_auth - DEBUG - Including body in call to sign: True
2017-04-25 04:03:43,172 - oauthlib.oauth1.rfc5849 - DEBUG - Collected params: [(u'delimited', u'length'), (u'oauth_nonce', u'92323223687111733641493093023'), (u'oauth_timestamp', u'1493093023'), (u'oauth_consumer_key', u'5CsfqvfOiTNrRdW1Lb2EhQZj3'), (u'oauth_signature_method', u'HMAC-SHA1'), (u'oauth_version', u'1.0'), (u'oauth_token', u'317703918-rcnIku1LkoAXkzvRZs3RpXteS8Hl3oyYiLwQj1M8'), (u'track', u'out,injured,expected to play,questionable,Warriors')]
2017-04-25 04:03:43,172 - oauthlib.oauth1.rfc5849 - DEBUG - Normalized params: delimited=length&oauth_consumer_key=5CsfqvfOiTNrRdW1Lb2EhQZj3&oauth_nonce=92323223687111733641493093023&oauth_signature_method=HMAC-SHA1&oauth_timestamp=1493093023&oauth_token=317703918-rcnIku1LkoAXkzvRZs3RpXteS8Hl3oyYiLwQj1M8&oauth_version=1.0&track=out%2Cinjured%2Cexpected%20to%20play%2Cquestionable%2CWarriors
2017-04-25 04:03:43,172 - oauthlib.oauth1.rfc5849 - DEBUG - Normalized URI: https://stream.twitter.com/1.1/statuses/filter.json
2017-04-25 04:03:43,172 - oauthlib.oauth1.rfc5849 - DEBUG - Base signing string: POST&https%3A%2F%2Fstream.twitter.com%2F1.1%2Fstatuses%2Ffilter.json&delimited%3Dlength%26oauth_consumer_key%3D5CsfqvfOiTNrRdW1Lb2EhQZj3%26oauth_nonce%3D92323223687111733641493093023%26oauth_signature_method%3DHMAC-SHA1%26oauth_timestamp%3D1493093023%26oauth_token%3D317703918-rcnIku1LkoAXkzvRZs3RpXteS8Hl3oyYiLwQj1M8%26oauth_version%3D1.0%26track%3Dout%252Cinjured%252Cexpected%2520to%2520play%252Cquestionable%252CWarriors
2017-04-25 04:03:43,172 - oauthlib.oauth1.rfc5849 - DEBUG - Signature: PBOkbF8AloQ+6fIlFMJd+dBkbn8=
2017-04-25 04:03:43,173 - requests_oauthlib.oauth1_auth - DEBUG - Updated url: https://stream.twitter.com/1.1/statuses/filter.json?delimited=length
2017-04-25 04:03:43,173 - requests_oauthlib.oauth1_auth - DEBUG - Updated headers: {u'Content-Length': u'64', u'Content-Type': u'application/x-www-form-urlencoded', u'Authorization': u'OAuth oauth_nonce="92323223687111733641493093023", oauth_timestamp="1493093023", oauth_version="1.0", oauth_signature_method="HMAC-SHA1", oauth_consumer_key="5CsfqvfOiTNrRdW1Lb2EhQZj3", oauth_token="317703918-rcnIku1LkoAXkzvRZs3RpXteS8Hl3oyYiLwQj1M8", oauth_signature="PBOkbF8AloQ%2B6fIlFMJd%2BdBkbn8%3D"'}
2017-04-25 04:03:43,173 - requests_oauthlib.oauth1_auth - DEBUG - Updated body: u'track=out%2Cinjured%2Cexpected+to+play%2Cquestionable%2CWarriors'
2017-04-25 04:03:43,173 - requests.packages.urllib3.connectionpool - INFO - Starting new HTTPS connection (2): stream.twitter.com
2017-04-25 04:03:43,283 - requests.packages.urllib3.connectionpool - DEBUG - "POST /1.1/statuses/filter.json?delimited=length HTTP/1.1" 200 None
